android1/app/build/outputs/logs/manifest-merger-debug-report.txt
-- Merging decision tree log ---
manifest
ADDED from src/main/AndroidManifest.xml:1:1-31:12
INJECTED from src/main/AndroidManifest.xml:1:1-31:12
INJECTED from src/main/AndroidManifest.xml:1:1-31:12
INJECTED from src/main/AndroidManifest.xml:1:1-31:12
MERGED from src/main/AndroidManifest.xml:1:1-31:12
MERGED from [com.facebook.flipper:flipper-network-plugin:0.182.0] AndroidManifest.xml:8:1-15:12
MERGED from [com.facebook.flipper:flipper-fresco-plugin:0.182.0] AndroidManifest.xml:8:1-15:12
MERGED from [com.facebook.flipper:flipper:0.182.0] AndroidManifest.xml:8:1-18:12
MERGED from [:react-native-async-storage_async-storage] AndroidManifest.xml:2:1-7:12
MERGED from [:react-native-firebase_auth] AndroidManifest.xml:2:1-11:12
MERGED from [:react-native-firebase_firestore] AndroidManifest.xml:2:1-7:12
MERGED from [:react-native-firebase_storage] AndroidManifest.xml:2:1-11:12
MERGED from [:react-native-firebase_app] AndroidManifest.xml:2:1-30:12
MERGED from [:react-native-google-signin_google-signin] AndroidManifest.xml:2:1-7:12
MERGED from [:react-native-date-picker] AndroidManifest.xml:2:1-7:12
MERGED from [:react-native-fast-image] AndroidManifest.xml:2:1-7:12
MERGED from [:react-native-gesture-handler] AndroidManifest.xml:2:1-7:12
MERGED from [:react-native-image-crop-picker] AndroidManifest.xml:2:1-31:12
MERGED from [:react-native-safe-area-context] AndroidManifest.xml:2:1-7:12
MERGED from [:react-native-screens] AndroidManifest.xml:2:1-7:12
MERGED from [:react-native-svg] AndroidManifest.xml:2:1-7:12
MERGED from [com.facebook.react:react-android:0.72.7] AndroidManifest.xml:2:1-7:12
MERGED from [com.facebook.react:hermes-android:0.72.7] AndroidManifest.xml:2:1-7:12
MERGED from [com.facebook.fresco:imagepipeline-okhttp3:2.5.0] AndroidManifest.xml:2:1-9:12
MERGED from [com.github.bumptech.glide:okhttp3-integration:4.12.0] AndroidManifest.xml:2:1-16:12
MERGED from [com.github.yalantis:ucrop:2.2.6-native] AndroidManifest.xml:2:1-11:12
MERGED from [com.google.firebase:firebase-firestore:24.11.1] AndroidManifest.xml:2:1-26:12
MERGED from [com.google.android.gms:play-services-auth:21.0.0] AndroidManifest.xml:17:1-40:12
MERGED from [com.github.bumptech.glide:glide:4.12.0] AndroidManifest.xml:2:1-12:12
MERGED from [com.google.android.material:material:1.6.1] AndroidManifest.xml:17:1-26:12
MERGED from [androidx.constraintlayout:constraintlayout:2.0.1] AndroidManifest.xml:2:1-11:12
MERGED from [androidx.appcompat:appcompat:1.4.2] AndroidManifest.xml:17:1-24:12
MERGED from [com.google.firebase:firebase-auth:22.3.1] AndroidManifest.xml:17:1-75:12
MERGED from [androidx.viewpager2:viewpager2:1.0.0] AndroidManifest.xml:17:1-24:12
MERGED from [com.google.firebase:firebase-storage:20.3.0] AndroidManifest.xml:15:1-39:12
MERGED from [com.google.firebase:firebase-auth-interop:20.0.0] AndroidManifest.xml:2:1-10:12
MERGED from [com.google.firebase:firebase-appcheck:17.1.2] AndroidManifest.xml:15:1-34:12
MERGED from [com.google.firebase:firebase-common-ktx:20.4.3] AndroidManifest.xml:2:1-18:12
MERGED from [com.google.firebase:firebase-common:20.4.3] AndroidManifest.xml:15:1-41:12
MERGED from [com.google.android.gms:play-services-auth-api-phone:18.0.2] AndroidManifest.xml:2:1-7:12
MERGED from [com.google.android.gms:play-services-auth-base:18.0.10] AndroidManifest.xml:2:1-7:12
MERGED from [com.google.android.gms:play-services-fido:20.0.1] AndroidManifest.xml:2:1-10:12
MERGED from [com.google.android.recaptcha:recaptcha:18.4.0] AndroidManifest.xml:2:1-11:12
MERGED from [com.google.android.play:integrity:1.2.0] AndroidManifest.xml:2:1-7:12
MERGED from [com.google.firebase:firebase-appcheck-interop:17.1.0] AndroidManifest.xml:15:1-23:12
MERGED from [androidx.activity:activity:1.5.1] AndroidManifest.xml:17:1-24:12
MERGED from [androidx.dynamicanimation:dynamicanimation:1.0.0] AndroidManifest.xml:17:1-22:12
MERGED from [androidx.legacy:legacy-support-core-utils:1.0.0] AndroidManifest.xml:17:1-22:12
MERGED from [androidx.loader:loader:1.1.0] AndroidManifest.xml:17:1-24:12
MERGED from [androidx.lifecycle:lifecycle-viewmodel:2.5.1] AndroidManifest.xml:17:1-24:12
MERGED from [androidx.lifecycle:lifecycle-viewmodel-savedstate:2.5.1] AndroidManifest.xml:17:1-24:12
MERGED from [com.google.firebase:firebase-database-collection:18.0.1] AndroidManifest.xml:2:1-9:12
MERGED from [com.google.android.gms:play-services-base:18.1.0] AndroidManifest.xml:16:1-24:12
MERGED from [com.google.android.gms:play-services-tasks:18.1.0] AndroidManifest.xml:2:1-6:12
MERGED from [com.google.android.gms:play-services-basement:18.3.0] AndroidManifest.xml:16:1-26:12
MERGED from [androidx.fragment:fragment:1.5.7] AndroidManifest.xml:17:1-24:12
MERGED from [androidx.core:core-ktx:1.8.0] AndroidManifest.xml:2:1-9:12
MERGED from [androidx.sqlite:sqlite-framework:2.2.0] AndroidManifest.xml:17:1-24:12
MERGED from [androidx.emoji2:emoji2-views-helper:1.0.0] AndroidManifest.xml:17:1-24:12
MERGED from [androidx.emoji2:emoji2:1.0.0] AndroidManifest.xml:17:1-37:12
MERGED from [androidx.lifecycle:lifecycle-process:2.4.0] AndroidManifest.xml:17:1-37:12
MERGED from [androidx.startup:startup-runtime:1.0.0] AndroidManifest.xml:17:1-33:12
MERGED from [androidx.tracing:tracing:1.1.0] AndroidManifest.xml:17:1-24:12
MERGED from [androidx.swiperefreshlayout:swiperefreshlayout:1.1.0] AndroidManifest.xml:17:1-24:12
MERGED from [androidx.coordinatorlayout:coordinatorlayout:1.2.0] AndroidManifest.xml:17:1-24:12
MERGED from [androidx.sqlite:sqlite:2.2.0] AndroidManifest.xml:17:1-24:12
MERGED from [androidx.appcompat:appcompat-resources:1.4.2] AndroidManifest.xml:17:1-24:12
MERGED from [androidx.vectordrawable:vectordrawable-animated:1.1.0] AndroidManifest.xml:17:1-24:12
MERGED from [androidx.vectordrawable:vectordrawable:1.1.0] AndroidManifest.xml:17:1-24:12
MERGED from [com.github.bumptech.glide:gifdecoder:4.12.0] AndroidManifest.xml:2:1-11:12
MERGED from [androidx.exifinterface:exifinterface:1.2.0] AndroidManifest.xml:17:1-24:12
MERGED from [androidx.browser:browser:1.4.0] AndroidManifest.xml:17:1-24:12
MERGED from [androidx.interpolator:interpolator:1.0.0] AndroidManifest.xml:17:1-22:12
MERGED from [androidx.cursoradapter:cursoradapter:1.0.0] AndroidManifest.xml:17:1-22:12
MERGED from [androidx.autofill:autofill:1.1.0] AndroidManifest.xml:17:1-24:12
MERGED from [androidx.drawerlayout:drawerlayout:1.1.1] AndroidManifest.xml:17:1-24:12
MERGED from [androidx.transition:transition:1.2.0] AndroidManifest.xml:17:1-24:12
MERGED from [androidx.viewpager:viewpager:1.0.0] AndroidManifest.xml:17:1-22:12
MERGED from [androidx.recyclerview:recyclerview:1.1.0] AndroidManifest.xml:17:1-24:12
MERGED from [androidx.customview:customview:1.1.0] AndroidManifest.xml:17:1-24:12
MERGED from [androidx.core:core:1.8.0] AndroidManifest.xml:17:1-26:12
MERGED from [androidx.cardview:cardview:1.0.0] AndroidManifest.xml:17:1-22:12
MERGED from [androidx.versionedparcelable:versionedparcelable:1.1.1] AndroidManifest.xml:17:1-27:12
MERGED from [androidx.localbroadcastmanager:localbroadcastmanager:1.0.0] AndroidManifest.xml:17:1-22:12
MERGED from [com.google.firebase:firebase-components:17.1.5] AndroidManifest.xml:15:1-20:12
MERGED from [androidx.savedstate:savedstate:1.2.0] AndroidManifest.xml:17:1-24:12
MERGED from [androidx.lifecycle:lifecycle-livedata-core:2.5.1] AndroidManifest.xml:17:1-24:12
MERGED from [androidx.lifecycle:lifecycle-runtime:2.5.1] AndroidManifest.xml:17:1-24:12
MERGED from [androidx.arch.core:core-runtime:2.1.0] AndroidManifest.xml:17:1-24:12
MERGED from [androidx.documentfile:documentfile:1.0.0] AndroidManifest.xml:17:1-22:12
MERGED from [androidx.print:print:1.0.0] AndroidManifest.xml:17:1-22:12
MERGED from [com.android.ndk.thirdparty:openssl:1.1.1l-beta-1] AndroidManifest.xml:1:1-3:12
MERGED from [com.facebook.fbjni:fbjni:0.3.0] AndroidManifest.xml:2:1-9:12
MERGED from [com.facebook.fresco:flipper:2.6.0] AndroidManifest.xml:2:1-9:12
MERGED from [com.facebook.fresco:stetho:2.6.0] AndroidManifest.xml:2:1-9:12
MERGED from [com.facebook.fresco:fresco:2.6.0] AndroidManifest.xml:2:1-9:12
MERGED from [com.facebook.fresco:soloader:2.6.0] AndroidManifest.xml:2:1-9:12
MERGED from [com.facebook.fresco:drawee:2.6.0] AndroidManifest.xml:2:1-9:12
MERGED from [com.facebook.fresco:nativeimagefilters:2.6.0] AndroidManifest.xml:2:1-9:12
MERGED from [com.facebook.fresco:memory-type-native:2.6.0] AndroidManifest.xml:2:1-9:12
MERGED from [com.facebook.fresco:memory-type-java:2.6.0] AndroidManifest.xml:2:1-9:12
MERGED from [com.facebook.fresco:imagepipeline-native:2.6.0] AndroidManifest.xml:2:1-9:12
MERGED from [com.facebook.soloader:soloader:0.10.5] AndroidManifest.xml:2:1-17:12
MERGED from [com.facebook.fresco:memory-type-ashmem:2.6.0] AndroidManifest.xml:2:1-9:12
MERGED from [com.facebook.fresco:imagepipeline:2.6.0] AndroidManifest.xml:2:1-9:12
MERGED from [com.facebook.fresco:nativeimagetranscoder:2.6.0] AndroidManifest.xml:2:1-9:12
MERGED from [com.facebook.fresco:imagepipeline-base:2.6.0] AndroidManifest.xml:2:1-9:12
MERGED from [io.grpc:grpc-android:1.57.2] AndroidManifest.xml:2:1-9:12
MERGED from [com.facebook.fresco:middleware:2.6.0] AndroidManifest.xml:2:1-9:12
MERGED from [com.facebook.fresco:ui-common:2.6.0] AndroidManifest.xml:2:1-9:12
MERGED from [net.time4j:time4j-android:4.8-2021a] AndroidManifest.xml:2:1-13:12
MERGED from [com.facebook.fresco:fbcore:2.6.0] AndroidManifest.xml:2:1-9:12
MERGED from [androidx.annotation:annotation-experimental:1.1.0] AndroidManifest.xml:17:1-24:12
MERGED from [com.google.firebase:protolite-well-known-types:18.0.0] AndroidManifest.xml:2:1-11:12
INJECTED from src/debug/AndroidManifest.xml:2:1-13:12
INJECTED from src/debug/AndroidManifest.xml:2:1-13:12
INJECTED from src/debug/AndroidManifest.xml:2:1-13:12
	package
		INJECTED from src/main/AndroidManifest.xml
		ADDED from src/main/AndroidManifest.xml:1:1-31:12
		INJECTED from src/debug/AndroidManifest.xml
	android:versionName
		INJECTED from src/main/AndroidManifest.xml
		ADDED from src/main/AndroidManifest.xml:1:1-31:12
		INJECTED from src/debug/AndroidManifest.xml
	xmlns:tools
		ADDED from src/debug/AndroidManifest.xml:3:5-51
	android:versionCode
		INJECTED from src/main/AndroidManifest.xml
		ADDED from src/main/AndroidManifest.xml:1:1-31:12
		INJECTED from src/debug/AndroidManifest.xml
	xmlns:android
		ADDED from src/main/AndroidManifest.xml:1:11-69
uses-permission#android.permission.INTERNET
ADDED from src/main/AndroidManifest.xml:3:5-67
MERGED from [com.facebook.flipper:flipper:0.182.0] AndroidManifest.xml:15:5-67
MERGED from [com.facebook.flipper:flipper:0.182.0] AndroidManifest.xml:15:5-67
MERGED from [:react-native-firebase_auth] AndroidManifest.xml:7:5-67
MERGED from [:react-native-firebase_auth] AndroidManifest.xml:7:5-67
MERGED from [:react-native-firebase_storage] AndroidManifest.xml:7:5-67
MERGED from [:react-native-firebase_storage] AndroidManifest.xml:7:5-67
MERGED from [com.google.firebase:firebase-firestore:24.11.1] AndroidManifest.xml:11:5-67
MERGED from [com.google.firebase:firebase-firestore:24.11.1] AndroidManifest.xml:11:5-67
MERGED from [com.google.firebase:firebase-auth:22.3.1] AndroidManifest.xml:25:5-67
MERGED from [com.google.firebase:firebase-auth:22.3.1] AndroidManifest.xml:25:5-67
MERGED from [com.google.firebase:firebase-storage:20.3.0] AndroidManifest.xml:24:5-67
MERGED from [com.google.firebase:firebase-storage:20.3.0] AndroidManifest.xml:24:5-67
MERGED from [com.google.android.recaptcha:recaptcha:18.4.0] AndroidManifest.xml:7:5-67
MERGED from [com.google.android.recaptcha:recaptcha:18.4.0] AndroidManifest.xml:7:5-67
	android:name
		ADDED from src/main/AndroidManifest.xml:3:22-64
uses-permission#android.permission.READ_MEDIA_IMAGES
ADDED from src/main/AndroidManifest.xml:4:5-76
	android:name
		ADDED from src/main/AndroidManifest.xml:4:22-73
uses-permission#android.permission.READ_EXTERNAL_STORAGE
ADDED from src/main/AndroidManifest.xml:5:5-80
	android:name
		ADDED from src/main/AndroidManifest.xml:5:22-77
uses-permission#com.google.android.gms.permission.AD_ID
ADDED from src/main/AndroidManifest.xml:6:5-79
	android:name
		ADDED from src/main/AndroidManifest.xml:6:22-76
uses-permission#android.permission.MANAGE_DOCUMENTS
ADDED from src/main/AndroidManifest.xml:7:5-74
	android:name
		ADDED from src/main/AndroidManifest.xml:7:22-72
uses-permission#android.permission.CAMERA
ADDED from src/main/AndroidManifest.xml:8:5-64
	android:name
		ADDED from src/main/AndroidManifest.xml:8:22-62
uses-permission#android.permission.WRITE_EXTERNAL_STORAGE
ADDED from src/main/AndroidManifest.xml:9:5-81
MERGED from [:react-native-image-crop-picker] AndroidManifest.xml:13:5-81
MERGED from [:react-native-image-crop-picker] AndroidManifest.xml:13:5-81
	android:name
		ADDED from src/main/AndroidManifest.xml:9:22-78
application
ADDED from src/main/AndroidManifest.xml:11:5-30:19
MERGED from src/main/AndroidManifest.xml:11:5-30:19
MERGED from src/main/AndroidManifest.xml:11:5-30:19
MERGED from [:react-native-firebase_app] AndroidManifest.xml:8:5-28:19
MERGED from [:react-native-firebase_app] AndroidManifest.xml:8:5-28:19
MERGED from [:react-native-image-crop-picker] AndroidManifest.xml:15:5-29:19
MERGED from [:react-native-image-crop-picker] AndroidManifest.xml:15:5-29:19
MERGED from [com.github.bumptech.glide:okhttp3-integration:4.12.0] AndroidManifest.xml:10:5-14:19
MERGED from [com.github.bumptech.glide:okhttp3-integration:4.12.0] AndroidManifest.xml:10:5-14:19
MERGED from [com.google.firebase:firebase-firestore:24.11.1] AndroidManifest.xml:13:5-24:19
MERGED from [com.google.firebase:firebase-firestore:24.11.1] AndroidManifest.xml:13:5-24:19
MERGED from [com.google.android.gms:play-services-auth:21.0.0] AndroidManifest.xml:22:5-38:19
MERGED from [com.google.android.gms:play-services-auth:21.0.0] AndroidManifest.xml:22:5-38:19
MERGED from [com.github.bumptech.glide:glide:4.12.0] AndroidManifest.xml:10:5-20
MERGED from [com.github.bumptech.glide:glide:4.12.0] AndroidManifest.xml:10:5-20
MERGED from [com.google.android.material:material:1.6.1] AndroidManifest.xml:24:5-20
MERGED from [com.google.android.material:material:1.6.1] AndroidManifest.xml:24:5-20
MERGED from [androidx.constraintlayout:constraintlayout:2.0.1] AndroidManifest.xml:9:5-20
MERGED from [androidx.constraintlayout:constraintlayout:2.0.1] AndroidManifest.xml:9:5-20
MERGED from [com.google.firebase:firebase-auth:22.3.1] AndroidManifest.xml:28:5-73:19
MERGED from [com.google.firebase:firebase-auth:22.3.1] AndroidManifest.xml:28:5-73:19
MERGED from [com.google.firebase:firebase-storage:20.3.0] AndroidManifest.xml:26:5-37:19
MERGED from [com.google.firebase:firebase-storage:20.3.0] AndroidManifest.xml:26:5-37:19
MERGED from [com.google.firebase:firebase-auth-interop:20.0.0] AndroidManifest.xml:7:5-8:19
MERGED from [com.google.firebase:firebase-auth-interop:20.0.0] AndroidManifest.xml:7:5-8:19
MERGED from [com.google.firebase:firebase-appcheck:17.1.2] AndroidManifest.xml:21:5-32:19
MERGED from [com.google.firebase:firebase-appcheck:17.1.2] AndroidManifest.xml:21:5-32:19
MERGED from [com.google.firebase:firebase-common-ktx:20.4.3] AndroidManifest.xml:8:5-16:19
MERGED from [com.google.firebase:firebase-common-ktx:20.4.3] AndroidManifest.xml:8:5-16:19
MERGED from [com.google.firebase:firebase-common:20.4.3] AndroidManifest.xml:22:5-39:19
MERGED from [com.google.firebase:firebase-common:20.4.3] AndroidManifest.xml:22:5-39:19
MERGED from [com.google.android.gms:play-services-fido:20.0.1] AndroidManifest.xml:7:5-8:19
MERGED from [com.google.android.gms:play-services-fido:20.0.1] AndroidManifest.xml:7:5-8:19
MERGED from [com.google.android.play:integrity:1.2.0] AndroidManifest.xml:5:5-6:19
MERGED from [com.google.android.play:integrity:1.2.0] AndroidManifest.xml:5:5-6:19
MERGED from [com.google.firebase:firebase-appcheck-interop:17.1.0] AndroidManifest.xml:21:5-20
MERGED from [com.google.firebase:firebase-appcheck-interop:17.1.0] AndroidManifest.xml:21:5-20
MERGED from [com.google.android.gms:play-services-base:18.1.0] AndroidManifest.xml:19:5-23:19
MERGED from [com.google.android.gms:play-services-base:18.1.0] AndroidManifest.xml:19:5-23:19
MERGED from [com.google.android.gms:play-services-tasks:18.1.0] AndroidManifest.xml:5:5-20
MERGED from [com.google.android.gms:play-services-tasks:18.1.0] AndroidManifest.xml:5:5-20
MERGED from [com.google.android.gms:play-services-basement:18.3.0] AndroidManifest.xml:20:5-24:19
MERGED from [com.google.android.gms:play-services-basement:18.3.0] AndroidManifest.xml:20:5-24:19
MERGED from [androidx.emoji2:emoji2:1.0.0] AndroidManifest.xml:25:5-35:19
MERGED from [androidx.emoji2:emoji2:1.0.0] AndroidManifest.xml:25:5-35:19
MERGED from [androidx.lifecycle:lifecycle-process:2.4.0] AndroidManifest.xml:25:5-35:19
MERGED from [androidx.lifecycle:lifecycle-process:2.4.0] AndroidManifest.xml:25:5-35:19
MERGED from [androidx.startup:startup-runtime:1.0.0] AndroidManifest.xml:25:5-31:19
MERGED from [androidx.startup:startup-runtime:1.0.0] AndroidManifest.xml:25:5-31:19
MERGED from [com.github.bumptech.glide:gifdecoder:4.12.0] AndroidManifest.xml:9:5-20
MERGED from [com.github.bumptech.glide:gifdecoder:4.12.0] AndroidManifest.xml:9:5-20
MERGED from [androidx.core:core:1.8.0] AndroidManifest.xml:24:5-89
MERGED from [androidx.core:core:1.8.0] AndroidManifest.xml:24:5-89
MERGED from [androidx.versionedparcelable:versionedparcelable:1.1.1] AndroidManifest.xml:24:5-25:19
MERGED from [androidx.versionedparcelable:versionedparcelable:1.1.1] AndroidManifest.xml:24:5-25:19
MERGED from [com.facebook.soloader:soloader:0.10.5] AndroidManifest.xml:11:5-15:19
MERGED from [com.facebook.soloader:soloader:0.10.5] AndroidManifest.xml:11:5-15:19
MERGED from [net.time4j:time4j-android:4.8-2021a] AndroidManifest.xml:11:5-20
MERGED from [net.time4j:time4j-android:4.8-2021a] AndroidManifest.xml:11:5-20
	android:appComponentFactory
		ADDED from [androidx.core:core:1.8.0] AndroidManifest.xml:24:18-86
	android:label
		ADDED from src/main/AndroidManifest.xml:13:7-39
		ADDED from src/main/AndroidManifest.xml:13:7-39
	tools:ignore
		ADDED from src/debug/AndroidManifest.xml:10:9-48
	android:roundIcon
		ADDED from src/main/AndroidManifest.xml:15:7-52
		ADDED from src/main/AndroidManifest.xml:15:7-52
	tools:targetApi
		ADDED from src/debug/AndroidManifest.xml:9:9-29
	android:icon
		ADDED from src/main/AndroidManifest.xml:14:7-41
		ADDED from src/main/AndroidManifest.xml:14:7-41
	android:allowBackup
		ADDED from src/main/AndroidManifest.xml:16:7-34
		ADDED from src/main/AndroidManifest.xml:16:7-34
	android:theme
		ADDED from src/main/AndroidManifest.xml:17:7-38
		ADDED from src/main/AndroidManifest.xml:17:7-38
	android:usesCleartextTraffic
		ADDED from src/debug/AndroidManifest.xml:8:9-44
	android:name
		ADDED from src/main/AndroidManifest.xml:12:7-38
		ADDED from src/main/AndroidManifest.xml:12:7-38
activity#com.zouqapplication.MainActivity
ADDED from src/main/AndroidManifest.xml:18:7-29:18
	android:label
		ADDED from src/main/AndroidManifest.xml:20:9-41
	android:launchMode
		ADDED from src/main/AndroidManifest.xml:22:9-40
	android:windowSoftInputMode
		ADDED from src/main/AndroidManifest.xml:23:9-51
	android:exported
		ADDED from src/main/AndroidManifest.xml:24:9-32
	android:configChanges
		ADDED from src/main/AndroidManifest.xml:21:9-118
	android:name
		ADDED from src/main/AndroidManifest.xml:19:9-37
intent-filter#action:name:android.intent.action.MAIN+category:name:android.intent.category.LAUNCHER
ADDED from src/main/AndroidManifest.xml:25:9-28:25
action#android.intent.action.MAIN
ADDED from src/main/AndroidManifest.xml:26:13-65
	android:name
		ADDED from src/main/AndroidManifest.xml:26:21-62
category#android.intent.category.LAUNCHER
ADDED from src/main/AndroidManifest.xml:27:13-73
	android:name
		ADDED from src/main/AndroidManifest.xml:27:23-70
uses-sdk
INJECTED from src/main/AndroidManifest.xml reason: use-sdk injection requested
INJECTED from src/main/AndroidManifest.xml
INJECTED from src/main/AndroidManifest.xml
MERGED from [com.facebook.flipper:flipper-network-plugin:0.182.0] AndroidManifest.xml:11:5-13:41
MERGED from [com.facebook.flipper:flipper-network-plugin:0.182.0] AndroidManifest.xml:11:5-13:41
MERGED from [com.facebook.flipper:flipper-fresco-plugin:0.182.0] AndroidManifest.xml:11:5-13:41
MERGED from [com.facebook.flipper:flipper-fresco-plugin:0.182.0] AndroidManifest.xml:11:5-13:41
MERGED from [com.facebook.flipper:flipper:0.182.0] AndroidManifest.xml:11:5-13:41
MERGED from [com.facebook.flipper:flipper:0.182.0] AndroidManifest.xml:11:5-13:41
MERGED from [:react-native-async-storage_async-storage] AndroidManifest.xml:5:5-44
MERGED from [:react-native-async-storage_async-storage] AndroidManifest.xml:5:5-44
MERGED from [:react-native-firebase_auth] AndroidManifest.xml:5:5-44
MERGED from [:react-native-firebase_auth] AndroidManifest.xml:5:5-44
MERGED from [:react-native-firebase_firestore] AndroidManifest.xml:5:5-44
MERGED from [:react-native-firebase_firestore] AndroidManifest.xml:5:5-44
MERGED from [:react-native-firebase_storage] AndroidManifest.xml:5:5-44
MERGED from [:react-native-firebase_storage] AndroidManifest.xml:5:5-44
MERGED from [:react-native-firebase_app] AndroidManifest.xml:6:5-44
MERGED from [:react-native-firebase_app] AndroidManifest.xml:6:5-44
MERGED from [:react-native-google-signin_google-signin] AndroidManifest.xml:5:5-44
MERGED from [:react-native-google-signin_google-signin] AndroidManifest.xml:5:5-44
MERGED from [:react-native-date-picker] AndroidManifest.xml:5:5-44
MERGED from [:react-native-date-picker] AndroidManifest.xml:5:5-44
MERGED from [:react-native-fast-image] AndroidManifest.xml:5:5-44
MERGED from [:react-native-fast-image] AndroidManifest.xml:5:5-44
MERGED from [:react-native-gesture-handler] AndroidManifest.xml:5:5-44
MERGED from [:react-native-gesture-handler] AndroidManifest.xml:5:5-44
MERGED from [:react-native-image-crop-picker] AndroidManifest.xml:5:5-44
MERGED from [:react-native-image-crop-picker] AndroidManifest.xml:5:5-44
MERGED from [:react-native-safe-area-context] AndroidManifest.xml:5:5-44
MERGED from [:react-native-safe-area-context] AndroidManifest.xml:5:5-44
MERGED from [:react-native-screens] AndroidManifest.xml:5:5-44
MERGED from [:react-native-screens] AndroidManifest.xml:5:5-44
MERGED from [:react-native-svg] AndroidManifest.xml:5:5-44
MERGED from [:react-native-svg] AndroidManifest.xml:5:5-44
MERGED from [com.facebook.react:react-android:0.72.7] AndroidManifest.xml:5:5-44
MERGED from [com.facebook.react:react-android:0.72.7] AndroidManifest.xml:5:5-44
MERGED from [com.facebook.react:hermes-android:0.72.7] AndroidManifest.xml:5:5-44
MERGED from [com.facebook.react:hermes-android:0.72.7] AndroidManifest.xml:5:5-44
MERGED from [com.facebook.fresco:imagepipeline-okhttp3:2.5.0] AndroidManifest.xml:5:5-7:41
MERGED from [com.facebook.fresco:imagepipeline-okhttp3:2.5.0] AndroidManifest.xml:5:5-7:41
MERGED from [com.github.bumptech.glide:okhttp3-integration:4.12.0] AndroidManifest.xml:6:5-8:41
MERGED from [com.github.bumptech.glide:okhttp3-integration:4.12.0] AndroidManifest.xml:6:5-8:41
MERGED from [com.github.yalantis:ucrop:2.2.6-native] AndroidManifest.xml:7:5-9:41
MERGED from [com.github.yalantis:ucrop:2.2.6-native] AndroidManifest.xml:7:5-9:41
MERGED from [com.google.firebase:firebase-firestore:24.11.1] AndroidManifest.xml:6:5-44
MERGED from [com.google.firebase:firebase-firestore:24.11.1] AndroidManifest.xml:6:5-44
MERGED from [com.google.android.gms:play-services-auth:21.0.0] AndroidManifest.xml:20:5-44
MERGED from [com.google.android.gms:play-services-auth:21.0.0] AndroidManifest.xml:20:5-44
MERGED from [com.github.bumptech.glide:glide:4.12.0] AndroidManifest.xml:6:5-8:41
MERGED from [com.github.bumptech.glide:glide:4.12.0] AndroidManifest.xml:6:5-8:41
MERGED from [com.google.android.material:material:1.6.1] AndroidManifest.xml:20:5-22:41
MERGED from [com.google.android.material:material:1.6.1] AndroidManifest.xml:20:5-22:41
MERGED from [androidx.constraintlayout:constraintlayout:2.0.1] AndroidManifest.xml:5:5-7:41
MERGED from [androidx.constraintlayout:constraintlayout:2.0.1] AndroidManifest.xml:5:5-7:41
MERGED from [androidx.appcompat:appcompat:1.4.2] AndroidManifest.xml:20:5-22:41
MERGED from [androidx.appcompat:appcompat:1.4.2] AndroidManifest.xml:20:5-22:41
MERGED from [com.google.firebase:firebase-auth:22.3.1] AndroidManifest.xml:21:5-23:64
MERGED from [com.google.firebase:firebase-auth:22.3.1] AndroidManifest.xml:21:5-23:64
MERGED from [androidx.viewpager2:viewpager2:1.0.0] AndroidManifest.xml:20:5-22:41
MERGED from [androidx.viewpager2:viewpager2:1.0.0] AndroidManifest.xml:20:5-22:41
MERGED from [com.google.firebase:firebase-storage:20.3.0] AndroidManifest.xml:19:5-44
MERGED from [com.google.firebase:firebase-storage:20.3.0] AndroidManifest.xml:19:5-44
MERGED from [com.google.firebase:firebase-auth-interop:20.0.0] AndroidManifest.xml:5:5-44
MERGED from [com.google.firebase:firebase-auth-interop:20.0.0] AndroidManifest.xml:5:5-44
MERGED from [com.google.firebase:firebase-appcheck:17.1.2] AndroidManifest.xml:18:5-44
MERGED from [com.google.firebase:firebase-appcheck:17.1.2] AndroidManifest.xml:18:5-44
MERGED from [com.google.firebase:firebase-common-ktx:20.4.3] AndroidManifest.xml:5:5-44
MERGED from [com.google.firebase:firebase-common-ktx:20.4.3] AndroidManifest.xml:5:5-44
MERGED from [com.google.firebase:firebase-common:20.4.3] AndroidManifest.xml:19:5-44
MERGED from [com.google.firebase:firebase-common:20.4.3] AndroidManifest.xml:19:5-44
MERGED from [com.google.android.gms:play-services-auth-api-phone:18.0.2] AndroidManifest.xml:5:5-44
MERGED from [com.google.android.gms:play-services-auth-api-phone:18.0.2] AndroidManifest.xml:5:5-44
MERGED from [com.google.android.gms:play-services-auth-base:18.0.10] AndroidManifest.xml:5:5-44
MERGED from [com.google.android.gms:play-services-auth-base:18.0.10] AndroidManifest.xml:5:5-44
MERGED from [com.google.android.gms:play-services-fido:20.0.1] AndroidManifest.xml:5:5-44
MERGED from [com.google.android.gms:play-services-fido:20.0.1] AndroidManifest.xml:5:5-44
MERGED from [com.google.android.recaptcha:recaptcha:18.4.0] AndroidManifest.xml:5:5-44
MERGED from [com.google.android.recaptcha:recaptcha:18.4.0] AndroidManifest.xml:5:5-44
MERGED from [com.google.android.play:integrity:1.2.0] AndroidManifest.xml:4:5-44
MERGED from [com.google.android.play:integrity:1.2.0] AndroidManifest.xml:4:5-44
MERGED from [com.google.firebase:firebase-appcheck-interop:17.1.0] AndroidManifest.xml:18:5-44
MERGED from [com.google.firebase:firebase-appcheck-interop:17.1.0] AndroidManifest.xml:18:5-44
MERGED from [androidx.activity:activity:1.5.1] AndroidManifest.xml:20:5-22:41
MERGED from [androidx.activity:activity:1.5.1] AndroidManifest.xml:20:5-22:41
MERGED from [androidx.dynamicanimation:dynamicanimation:1.0.0] AndroidManifest.xml:20:5-44
MERGED from [androidx.dynamicanimation:dynamicanimation:1.0.0] AndroidManifest.xml:20:5-44
MERGED from [androidx.legacy:legacy-support-core-utils:1.0.0] AndroidManifest.xml:20:5-44
MERGED from [androidx.legacy:legacy-support-core-utils:1.0.0] AndroidManifest.xml:20:5-44
MERGED from [androidx.loader:loader:1.1.0] AndroidManifest.xml:20:5-22:41
MERGED from [androidx.loader:loader:1.1.0] AndroidManifest.xml:20:5-22:41
MERGED from [androidx.lifecycle:lifecycle-viewmodel:2.5.1] AndroidManifest.xml:20:5-22:41
MERGED from [androidx.lifecycle:lifecycle-viewmodel:2.5.1] AndroidManifest.xml:20:5-22:41
MERGED from [androidx.lifecycle:lifecycle-viewmodel-savedstate:2.5.1] AndroidManifest.xml:20:5-22:41
MERGED from [androidx.lifecycle:lifecycle-viewmodel-savedstate:2.5.1] AndroidManifest.xml:20:5-22:41
MERGED from [com.google.firebase:firebase-database-collection:18.0.1] AndroidManifest.xml:5:5-7:41
MERGED from [com.google.firebase:firebase-database-collection:18.0.1] AndroidManifest.xml:5:5-7:41
MERGED from [com.google.android.gms:play-services-base:18.1.0] AndroidManifest.xml:18:5-43
MERGED from [com.google.android.gms:play-services-base:18.1.0] AndroidManifest.xml:18:5-43
MERGED from [com.google.android.gms:play-services-tasks:18.1.0] AndroidManifest.xml:4:5-43
MERGED from [com.google.android.gms:play-services-tasks:18.1.0] AndroidManifest.xml:4:5-43
MERGED from [com.google.android.gms:play-services-basement:18.3.0] AndroidManifest.xml:18:5-43
MERGED from [com.google.android.gms:play-services-basement:18.3.0] AndroidManifest.xml:18:5-43
MERGED from [androidx.fragment:fragment:1.5.7] AndroidManifest.xml:20:5-22:41
MERGED from [androidx.fragment:fragment:1.5.7] AndroidManifest.xml:20:5-22:41
MERGED from [androidx.core:core-ktx:1.8.0] AndroidManifest.xml:5:5-7:41
MERGED from [androidx.core:core-ktx:1.8.0] AndroidManifest.xml:5:5-7:41
MERGED from [androidx.sqlite:sqlite-framework:2.2.0] AndroidManifest.xml:20:5-22:41
MERGED from [androidx.sqlite:sqlite-framework:2.2.0] AndroidManifest.xml:20:5-22:41
MERGED from [androidx.emoji2:emoji2-views-helper:1.0.0] AndroidManifest.xml:20:5-22:41
MERGED from [androidx.emoji2:emoji2-views-helper:1.0.0] AndroidManifest.xml:20:5-22:41
MERGED from [androidx.emoji2:emoji2:1.0.0] AndroidManifest.xml:21:5-23:41
MERGED from [androidx.emoji2:emoji2:1.0.0] AndroidManifest.xml:21:5-23:41
MERGED from [androidx.lifecycle:lifecycle-process:2.4.0] AndroidManifest.xml:21:5-23:41
MERGED from [androidx.lifecycle:lifecycle-process:2.4.0] AndroidManifest.xml:21:5-23:41
MERGED from [androidx.startup:startup-runtime:1.0.0] AndroidManifest.xml:21:5-23:41
MERGED from [androidx.startup:startup-runtime:1.0.0] AndroidManifest.xml:21:5-23:41
MERGED from [androidx.tracing:tracing:1.1.0] AndroidManifest.xml:20:5-22:41
MERGED from [androidx.tracing:tracing:1.1.0] AndroidManifest.xml:20:5-22:41
MERGED from [androidx.swiperefreshlayout:swiperefreshlayout:1.1.0] AndroidManifest.xml:20:5-22:41
MERGED from [androidx.swiperefreshlayout:swiperefreshlayout:1.1.0] AndroidManifest.xml:20:5-22:41
MERGED from [androidx.coordinatorlayout:coordinatorlayout:1.2.0] AndroidManifest.xml:20:5-22:41